Process Worker-1:
Traceback (most recent call last):
  File "/usr/lib/python2.7/multiprocessing/process.py", line 258, in _bootstrap
Process Worker-2:
Traceback (most recent call last):
  File "/usr/lib/python2.7/multiprocessing/process.py", line 258, in _bootstrap
Traceback (most recent call last):
  File "main.py", line 54, in <module>
    daemon.start()
  File "/home/ronaldoalves/projects/postpolicy/lib/daemon.py", line 108, in start
    self.run()
  File "/home/ronaldoalves/projects/postpolicy/lib/postpolicy.py", line 123, in run
    base = SenderScore('{}/local.db'.format(settings.DBPATH))
  File "/home/ronaldoalves/projects/postpolicy/lib/postpolicy.py", line 176, in __init__
    expiration FLOAT NOT NULL)''')
sqlite3.OperationalError: database is locked
Process Worker-3:
Process Worker-4:
Traceback (most recent call last):
Traceback (most recent call last):
  File "/usr/lib/python2.7/multiprocessing/process.py", line 258, in _bootstrap
  File "/usr/lib/python2.7/multiprocessing/process.py", line 258, in _bootstrap
    self.run()
  File "/home/ronaldoalves/projects/postpolicy/lib/postpolicy.py", line 64, in run
    self.run()
    self.run()
  File "/home/ronaldoalves/projects/postpolicy/lib/postpolicy.py", line 64, in run
  File "/home/ronaldoalves/projects/postpolicy/lib/postpolicy.py", line 64, in run
    base = SenderScore('{}/local.db'.format(settings.DBPATH))
  File "/home/ronaldoalves/projects/postpolicy/lib/postpolicy.py", line 176, in __init__
    expiration FLOAT NOT NULL)''')
OperationalError: database is locked
    base = SenderScore('{}/local.db'.format(settings.DBPATH))
    base = SenderScore('{}/local.db'.format(settings.DBPATH))
  File "/home/ronaldoalves/projects/postpolicy/lib/postpolicy.py", line 176, in __init__
  File "/home/ronaldoalves/projects/postpolicy/lib/postpolicy.py", line 176, in __init__
    expiration FLOAT NOT NULL)''')
    expiration FLOAT NOT NULL)''')
OperationalError: database is locked
OperationalError: database is locked
    self.run()
  File "/home/ronaldoalves/projects/postpolicy/lib/postpolicy.py", line 64, in run
    base = SenderScore('{}/local.db'.format(settings.DBPATH))
  File "/home/ronaldoalves/projects/postpolicy/lib/postpolicy.py", line 176, in __init__
    expiration FLOAT NOT NULL)''')
OperationalError: database is locked
